0 info it worked if it ends with ok
1 verbose cli [ '/usr/local/bin/node', '/usr/local/bin/npm', 'run', 'lint' ]
2 info using npm@4.1.2
3 info using node@v6.9.1
4 verbose run-script [ 'prelint', 'lint', 'postlint' ]
5 info lifecycle jsx-sort-props@1.0.0~prelint: jsx-sort-props@1.0.0
6 silly lifecycle jsx-sort-props@1.0.0~prelint: no script for prelint, continuing
7 info lifecycle jsx-sort-props@1.0.0~lint: jsx-sort-props@1.0.0
8 verbose lifecycle jsx-sort-props@1.0.0~lint: unsafe-perm in lifecycle true
9 verbose lifecycle jsx-sort-props@1.0.0~lint: PATH: /usr/local/lib/node_modules/npm/bin/node-gyp-bin:/Users/tobyflemming/Projects/jsx-sort-props-issue/node_modules/.bin:/usr/local/bin:/usr/bin:/bin:/usr/sbin:/sbin:/Users/tobyflemming/bin:/usr/local/heroku/bin:/Users/tobyflemming/.yarn/bin
10 verbose lifecycle jsx-sort-props@1.0.0~lint: CWD: /Users/tobyflemming/Projects/jsx-sort-props-issue
11 silly lifecycle jsx-sort-props@1.0.0~lint: Args: [ '-c', './node_modules/eslint/bin/eslint.js .' ]
12 silly lifecycle jsx-sort-props@1.0.0~lint: Returned: code: 1  signal: null
13 info lifecycle jsx-sort-props@1.0.0~lint: Failed to exec lint script
14 verbose stack Error: jsx-sort-props@1.0.0 lint: `./node_modules/eslint/bin/eslint.js .`
14 verbose stack Exit status 1
14 verbose stack     at EventEmitter.<anonymous> (/usr/local/lib/node_modules/npm/lib/utils/lifecycle.js:279:16)
14 verbose stack     at emitTwo (events.js:106:13)
14 verbose stack     at EventEmitter.emit (events.js:191:7)
14 verbose stack     at ChildProcess.<anonymous> (/usr/local/lib/node_modules/npm/lib/utils/spawn.js:40:14)
14 verbose stack     at emitTwo (events.js:106:13)
14 verbose stack     at ChildProcess.emit (events.js:191:7)
14 verbose stack     at maybeClose (internal/child_process.js:877:16)
14 verbose stack     at Process.ChildProcess._handle.onexit (internal/child_process.js:226:5)
15 verbose pkgid jsx-sort-props@1.0.0
16 verbose cwd /Users/tobyflemming/Projects/jsx-sort-props-issue
17 error Darwin 16.6.0
18 error argv "/usr/local/bin/node" "/usr/local/bin/npm" "run" "lint"
19 error node v6.9.1
20 error npm  v4.1.2
21 error code ELIFECYCLE
22 error jsx-sort-props@1.0.0 lint: `./node_modules/eslint/bin/eslint.js .`
22 error Exit status 1
23 error Failed at the jsx-sort-props@1.0.0 lint script './node_modules/eslint/bin/eslint.js .'.
23 error Make sure you have the latest version of node.js and npm installed.
23 error If you do, this is most likely a problem with the jsx-sort-props package,
23 error not with npm itself.
23 error Tell the author that this fails on your system:
23 error     ./node_modules/eslint/bin/eslint.js .
23 error You can get information on how to open an issue for this project with:
23 error     npm bugs jsx-sort-props
23 error Or if that isn't available, you can get their info via:
23 error     npm owner ls jsx-sort-props
23 error There is likely additional logging output above.
24 verbose exit [ 1, true ]
